INFO: Running with entropic power schedule (0xFF, 100).
INFO: Seed: 8619797
INFO: Loaded 1 modules   (714 inline 8-bit counters): 714 [0x6150a4a9a760, 0x6150a4a9aa2a), 
INFO: Loaded 1 PC tables (714 PCs): 714 [0x6150a4a9aa30,0x6150a4a9d6d0), 
INFO:      387 files found in /home/a1oleg/tonGraph/simulation/corpus_fuzz_tl/
INFO: -max_len is not provided; libFuzzer will not generate inputs larger than 4096 bytes
INFO: seed corpus: files: 387 min: 1b max: 636b total: 44498b rss: 28Mb
#388	INITED cov: 215 ft: 255 corp: 39/2389b exec/s: 0 rss: 29Mb
#311164	REDUCE cov: 215 ft: 255 corp: 39/2386b lim: 3478 exec/s: 0 rss: 29Mb L: 285/387 MS: 1 EraseBytes-
#466330	REDUCE cov: 215 ft: 255 corp: 39/2384b lim: 4096 exec/s: 466330 rss: 29Mb L: 283/387 MS: 1 EraseBytes-
#707246	REDUCE cov: 215 ft: 255 corp: 39/2379b lim: 4096 exec/s: 707246 rss: 29Mb L: 278/387 MS: 1 EraseBytes-
#1048576	pulse  cov: 215 ft: 255 corp: 39/2379b lim: 4096 exec/s: 524288 rss: 29Mb
#1405249	REDUCE cov: 215 ft: 255 corp: 39/2377b lim: 4096 exec/s: 468416 rss: 29Mb L: 276/387 MS: 1 EraseBytes-
#2097152	pulse  cov: 215 ft: 255 corp: 39/2377b lim: 4096 exec/s: 419430 rss: 29Mb
#2169287	REDUCE cov: 215 ft: 255 corp: 39/2376b lim: 4096 exec/s: 433857 rss: 29Mb L: 236/387 MS: 3 ChangeBit-ChangeBinInt-EraseBytes-
#4160134	REDUCE cov: 215 ft: 255 corp: 39/2375b lim: 4096 exec/s: 416013 rss: 29Mb L: 386/386 MS: 3 ChangeBinInt-ChangeByte-CrossOver-
#4194304	pulse  cov: 215 ft: 255 corp: 39/2375b lim: 4096 exec/s: 419430 rss: 29Mb
#8013724	REDUCE cov: 215 ft: 255 corp: 39/2374b lim: 4096 exec/s: 348422 rss: 29Mb L: 368/386 MS: 1 EraseBytes-
#8388608	pulse  cov: 215 ft: 255 corp: 39/2374b lim: 4096 exec/s: 349525 rss: 29Mb
#9213771	REDUCE cov: 215 ft: 255 corp: 39/2362b lim: 4096 exec/s: 368550 rss: 29Mb L: 224/386 MS: 2 EraseBytes-ChangeBit-
#9261272	REDUCE cov: 215 ft: 255 corp: 39/2359b lim: 4096 exec/s: 356202 rss: 29Mb L: 221/386 MS: 1 EraseBytes-
#9456823	REDUCE cov: 215 ft: 255 corp: 39/2351b lim: 4096 exec/s: 363723 rss: 29Mb L: 213/386 MS: 1 EraseBytes-
#9594518	REDUCE cov: 215 ft: 255 corp: 39/2350b lim: 4096 exec/s: 369019 rss: 29Mb L: 212/386 MS: 1 EraseBytes-
#16655679	REDUCE cov: 215 ft: 255 corp: 39/2348b lim: 4096 exec/s: 378538 rss: 29Mb L: 384/384 MS: 1 EraseBytes-
#16777216	pulse  cov: 215 ft: 255 corp: 39/2348b lim: 4096 exec/s: 381300 rss: 29Mb
#16979437	REDUCE cov: 215 ft: 255 corp: 39/2347b lim: 4096 exec/s: 385896 rss: 29Mb L: 193/384 MS: 2 ChangeByte-EraseBytes-
#18228680	RELOAD cov: 215 ft: 257 corp: 40/2829b lim: 4096 exec/s: 387844 rss: 29Mb
#18357831	REDUCE cov: 215 ft: 257 corp: 40/2828b lim: 4096 exec/s: 382454 rss: 29Mb L: 481/481 MS: 1 EraseBytes-
#18395403	REDUCE cov: 215 ft: 257 corp: 40/2819b lim: 4096 exec/s: 383237 rss: 29Mb L: 472/472 MS: 2 ChangeByte-EraseBytes-
#18498159	REDUCE cov: 215 ft: 257 corp: 40/2811b lim: 4096 exec/s: 385378 rss: 29Mb L: 464/464 MS: 1 EraseBytes-
#18530960	REDUCE cov: 215 ft: 257 corp: 40/2801b lim: 4096 exec/s: 386061 rss: 29Mb L: 454/454 MS: 1 EraseBytes-
#18865318	REDUCE cov: 215 ft: 257 corp: 40/2800b lim: 4096 exec/s: 362794 rss: 29Mb L: 192/454 MS: 1 EraseBytes-
#33539956	REDUCE cov: 215 ft: 257 corp: 40/2798b lim: 4096 exec/s: 360644 rss: 29Mb L: 452/452 MS: 1 EraseBytes-
#33554432	pulse  cov: 215 ft: 257 corp: 40/2798b lim: 4096 exec/s: 360800 rss: 29Mb
#38278670	REDUCE cov: 215 ft: 257 corp: 40/2785b lim: 4096 exec/s: 368064 rss: 29Mb L: 439/439 MS: 2 ChangeByte-EraseBytes-
#38278742	REDUCE cov: 215 ft: 257 corp: 40/2756b lim: 4096 exec/s: 368064 rss: 29Mb L: 410/410 MS: 2 CrossOver-EraseBytes-
#39613637	REDUCE cov: 215 ft: 257 corp: 40/2755b lim: 4096 exec/s: 370220 rss: 29Mb L: 409/409 MS: 1 EraseBytes-
#40733260	REDUCE cov: 215 ft: 257 corp: 40/2754b lim: 4096 exec/s: 370302 rss: 29Mb L: 408/408 MS: 1 EraseBytes-
#41621136	REDUCE cov: 215 ft: 257 corp: 40/2751b lim: 4096 exec/s: 371617 rss: 29Mb L: 405/405 MS: 1 EraseBytes-
#67108864	pulse  cov: 215 ft: 257 corp: 40/2751b lim: 4096 exec/s: 372827 rss: 29Mb
#85199373	REDUCE cov: 215 ft: 257 corp: 40/2750b lim: 4096 exec/s: 376988 rss: 29Mb L: 404/404 MS: 3 ChangeBinInt-ChangeBit-EraseBytes-
#134217728	pulse  cov: 215 ft: 257 corp: 40/2750b lim: 4096 exec/s: 379146 rss: 29Mb
#268435456	pulse  cov: 215 ft: 257 corp: 40/2750b lim: 4096 exec/s: 381842 rss: 29Mb
#536870912	pulse  cov: 215 ft: 257 corp: 40/2750b lim: 4096 exec/s: 384302 rss: 29Mb
#1073741824	pulse  cov: 215 ft: 257 corp: 40/2750b lim: 4096 exec/s: 384302 rss: 29Mb
#1384341033	DONE   cov: 215 ft: 257 corp: 40/2750b lim: 4096 exec/s: 384325 rss: 29Mb
Done 1384341033 runs in 3602 second(s)
