From github.com:a1oleg/tonGraph
 * branch              testnet    -> FETCH_HEAD
   34c78f18..8d52f159  testnet    -> origin/testnet
Updating 34c78f18..8d52f159
Fast-forward
 simulation/run_fuzz_p5_yoga.sh | 15 ++++++++-------
 1 file changed, 8 insertions(+), 7 deletions(-)
Everything up-to-date
[00:16:54] sync p5 done
[testnet 9b72c8a7] corpus p5 sync 00:17
 34 files changed, 0 insertions(+), 0 deletions(-)
 create mode 100644 simulation/corpus_p5/044db4123da4b08eecc2fd4cc38bebfde66c84fe
 create mode 100644 simulation/corpus_p5/0a543001626451ed5d2fbddc926da8012ee7ced4
 create mode 100644 simulation/corpus_p5/0be09def67c951d6c6ed0a821d407828848f80a3
 create mode 100644 simulation/corpus_p5/1b0d2af2acdd7ca416b72f21ba88c9d99a9ec158
 create mode 100644 simulation/corpus_p5/210a8c408468c6ff872d06f37f2c27754385225a
 create mode 100644 simulation/corpus_p5/2633a2246c77df99170ff47b09daf7f763573621
 create mode 100644 simulation/corpus_p5/28a80de8c6fafcb176c7890df5d3df4dd34a224b
 create mode 100644 simulation/corpus_p5/2acf43ab3ee1364c0fd6683a5fbb79b4d134a0cf
 create mode 100644 simulation/corpus_p5/33eeec3ebe8fb1457947eff95108b79d0a4a7413
 create mode 100644 simulation/corpus_p5/582354845f7ede89f492b53d0aba946b944cd9d9
 create mode 100644 simulation/corpus_p5/7802608dcc6c539b792a6eda8a34509e4443db3f
 create mode 100644 simulation/corpus_p5/82bbd7b6b894d57f9a47e7e0e7d8092f254287d7
 create mode 100644 simulation/corpus_p5/83e5b78f84f6d2b466090dc4d85dc04eb67e1b3a
 create mode 100644 simulation/corpus_p5/92888eac89c59a8eb9acb5c5b3df0f2a521f46f4
 create mode 100644 simulation/corpus_p5/98a2206f864f597b42c50cdf87fd561fe402850e
 create mode 100644 simulation/corpus_p5/9ed9ce540df99fb9e64f7c11f4270d5b9e0e1b05
 create mode 100644 simulation/corpus_p5/9f7499b7069a457b6769ada0b87a969526d4edd5
 create mode 100644 simulation/corpus_p5/b010f76ead328e62f4b37833a3e573df7a087e62
 create mode 100644 simulation/corpus_p5/b08f4e6b190359e0d3570ac7e7e5f9bcdaa4629b
 create mode 100644 simulation/corpus_p5/b2e1ff99dcd50f75f2f063b8f4c79ce209846e7b
 create mode 100644 simulation/corpus_p5/b2f165f3d51eda11b5ab30139648e9e69a33ba50
 create mode 100644 simulation/corpus_p5/b4af7581793b8e16d4c877d709560c28f800281d
 create mode 100644 simulation/corpus_p5/bb8ea7faf80e32ef3172b60e81d7f930e55eae7b
 create mode 100644 simulation/corpus_p5/bceba9049eda8bb60392979543def0ab1acd9787
 create mode 100644 simulation/corpus_p5/bf6f3161488fb367b6ca5333fc23960b7100ee16
 create mode 100644 simulation/corpus_p5/c0cab10587f5a9356a69347dddd5a7848aa7fdf0
 create mode 100644 simulation/corpus_p5/c86c9f6e62eb6149a0bff5fd342dd17c67a2bf09
 create mode 100644 simulation/corpus_p5/ceee09f1b8e87d474a9b936cd965bfb2536c1fa4
 create mode 100644 simulation/corpus_p5/d23bb810cece7a82aa25623a49071b541abb7267
 create mode 100644 simulation/corpus_p5/e4c8414e8d984bc3282a3b3b77bf2d3542c6f574
 create mode 100644 simulation/corpus_p5/e7d8be1a3bd02e9b60eac3a65e9f92eba7ba25a4
 create mode 100644 simulation/corpus_p5/f06292e3455819b04628f707bc8a4d9961b00388
 create mode 100644 simulation/corpus_p5/f226c722f2d1eff894ae399aeef2ae50b049c5fc
 create mode 100644 simulation/corpus_p5/facae7cb9771752aaf7ac1b22800b16a91148f72
From github.com:a1oleg/tonGraph
 * branch              testnet    -> FETCH_HEAD
Already up to date.
To github.com:a1oleg/tonGraph.git
   e9771327..9b72c8a7  testnet -> testnet
[00:21:56] sync p5 done
[testnet ea3b9493] corpus p5 sync 00:23
 14 files changed, 0 insertions(+), 0 deletions(-)
 create mode 100644 simulation/corpus_p5/0d18353875bf489157871283e7be0501d97b4682
 create mode 100644 simulation/corpus_p5/291bfb825e1c55333bbdc55ad9c8cc206fac39dd
 create mode 100644 simulation/corpus_p5/2f0bb586bb1b2a18e2b1b27f97e7a5e0424993d1
 create mode 100644 simulation/corpus_p5/3786176b7c79cb478b4657fd751b2f4ce504112e
 create mode 100644 simulation/corpus_p5/45ee5bfc5a888b91a8af6b7350b968460605a868
 create mode 100644 simulation/corpus_p5/7bfc3f7c0174c2eb7160c6fcbc9e631534a333d1
 create mode 100644 simulation/corpus_p5/8ae82cc45ccf2058c60b97aeced92f715cda0769
 create mode 100644 simulation/corpus_p5/918cc614c497ae0f1fddd7419f75f7029b9c1501
 create mode 100644 simulation/corpus_p5/b4db05b0ed8b191fe6a69e464ed7c1b2c798e266
 create mode 100644 simulation/corpus_p5/d58882908342d063e7c1ea539f3997dd6f1c6133
 create mode 100644 simulation/corpus_p5/d7fc5b2689cae548bc1c3938f1edc176de22c38a
 create mode 100644 simulation/corpus_p5/dad90902b73dfd63b1dc8a58dd89440444efbe89
 create mode 100644 simulation/corpus_p5/ea596da20440eff6260e0343ab67a1a9583a0597
 create mode 100644 simulation/corpus_p5/edb7ab8711a5d6711423b3e30c0a80a7c1fcb25f
From github.com:a1oleg/tonGraph
 * branch              testnet    -> FETCH_HEAD
   9b72c8a7..04b51cc1  testnet    -> origin/testnet
hint: You have divergent branches and need to specify how to reconcile them.
hint: You can do so by running one of the following commands sometime before
hint: your next pull:
hint: 
hint:   git config pull.rebase false  # merge
hint:   git config pull.rebase true   # rebase
hint:   git config pull.ff only       # fast-forward only
hint: 
hint: You can replace "git config" with "git config --global" to set a default
hint: preference for all repositories. You can also pass --rebase, --no-rebase,
hint: or --ff-only on the command line to override the configured default per
hint: invocation.
fatal: Need to specify how to reconcile divergent branches.
error: cannot pull with rebase: You have unstaged changes.
error: Please commit or stash them.
error: cannot pull with rebase: You have unstaged changes.
error: Please commit or stash them.
